Arguments: 
  /Users/verekia/.nvm/versions/node/v6.8.0/bin/node /Users/verekia/.nvm/versions/node/v6.8.0/bin/yarn

PATH: 
  /Library/Frameworks/Python.framework/Versions/3.5/bin:/Users/verekia/.nvm/versions/node/v6.8.0/bin:/usr/local/bin:/usr/bin:/bin:/usr/sbin:/sbin

Yarn version: 
  0.16.1

Node version: 
  6.8.0

Platform: 
  darwin x64

npm manifest: 
  {
    "name": "remark-lint-test",
    "version": "1.0.0",
    "main": "index.js",
    "license": "MIT",
    "scripts": {
      "start": "remark -e md,txt ."
    },
    "devDependencies": {
      "remark-cli": "^2.1.0",
      "remark-lint": "^5.4.0",
      "remark-lint-blank-lines-1-0-2": "^1.0.0",
      "remark-lint-no-leading-spaces": "^1.0.0",
      "remark-lint-no-trailing-spaces": "^1.3.0"
    }
  }

yarn manifest: 
  No manifest

bower manifest: 
  No manifest

Lockfile: 
  No lockfile

Trace: 
  Error: unable to verify the first certificate
      at Error (native)
      at TLSSocket.<anonymous> (_tls_wrap.js:1062:38)
      at emitNone (events.js:86:13)
      at TLSSocket.emit (events.js:185:7)
      at TLSSocket._finishInit (_tls_wrap.js:586:8)
      at TLSWrap.ssl.onhandshakedone (_tls_wrap.js:416:38)
